[2018-11-15 17:23:53] trace  /api/api.php?code=5e6epoj3%2BpW7IP7%2BmColNUfBr5Zb73ts6YPWBazSmhkU89ASbe16UAirE5qVqQkEZ1LGXQd6iDhVCr4hrlLS0Dk 1
[2018-11-15 17:23:54] trace  /api/api.php?code=8308avY9AV%2FfQdavmwoXooJC01EwobrKZ6gJBwu%2FYZVq0GG12r1m71dfNBizgR92ITyQkllSxeu9vQMBTu%2FGSVg 1
[2018-11-15 17:23:56] trace  /api/api.php?code=98c5wPqWXQnvYLY5nf%2FOe2ccV4QGzwOEDCBU%2BEh%2BW%2FGKsEIvGF3u4uu5D5pw7VnzIWn%2Br%2F%2Fh7YE2h9TgRF66XNI 1
[2018-11-15 17:23:57] trace  /api/api.php?code=6841tOswfcOCPhpMcJgGKn%2B%2FracukNHLvoNpDX7JUDMPlpAXIGMji7FD0gLowPPFOcbkTFNGOjbdlJJoXTrpVwo 1
[2018-11-15 17:23:58] trace  /api/api.php?code=51c7KpX9m03%2BRDVe9dvy8R0XZhX7wExZ7GflJ3nHHdNdu%2BwVmFdmNV8fAgTyBOLhXkPJINeFzDAeavZzlsvhik4 1
[2018-11-15 17:23:58] trace  /api/api.php?code=c8abbBQZhvG5QPtAHLuCp3sqZkoxo3P658NnW%2F0zOnAn3uZyHrCALzXzaYP8dkfSFqRZcBhWls%2FtidSZI3b57Fo 1
[2018-11-15 17:23:59] trace  /api/api.php?code=b065MFHMsr%2BKB2u8us1PAEbwweKEt9D%2FZgQh7tywrizYFFs4TNN6O9oqZcHH0o1G5NFCdvckr7XLlyO1rTlJsXA 1
[2018-11-15 17:24:00] trace  /api/api.php?code=6c3c2FYTE1BBYV4CHOfCsjs4WCyCVqRcLbCCczSr9NyC%2BD7muslxSy7seo3cNc7Qcg2LSc%2Bc6x0gzpn8CaCEkM4 1
[2018-11-15 17:24:03] trace  /api/api.php?code=9830sUoBh39A6Wiwd9xReCe7eSEmhluifpvwtYjjtK8iCVADeuUi61hgbjCHiWmBofEBkEApttd1npvZYZOlDOk 1
[2018-11-15 17:26:08] trace  /api/api.php?code=7bbbEm%2Bc5%2BS05ycDhZKgUTaWRtYMy%2BirjvwZGtHc7B2hp2c0La0EIaf%2BKEziF996tUr93CbU0PC1rbp7S3EbSAI 1
[2018-11-15 17:26:10] trace  /api/api.php?code=95d53GzUHvwWVCMJXqdrJigCvHXYSMiPFSFM0wtdVLXN5WHC%2BqSqE743lOF6nALF8kc6pUbB5YuG7TtxGfRpw0I 1
[2018-11-15 17:27:42] trace  /api/api.php?code=f5c3iI0bayn2PaVkj%2BhPbtUBOmaKcI%2FWA5ZEo7zNbr75MT5bV7P%2Fr07TSz3o9kYqPCdlAypgbWWeqDsMFKATEwU 1
[2018-11-15 17:27:43] trace  /api/api.php?code=453f9O0Ay4kbh490O6xK5mUqSAls6Lzg1FMzpe9e1M2s2DxcJE%2B%2BNo6nT6iluBmErJUgxEuxo4waDY1jDYv%2FyyM 1
[2018-11-15 17:27:45] trace  /api/api.php?code=8c80bDI%2BIh2w%2BWzclYIYUrpjeACxUnDL3RunYhkFjlkIR60KCHbw2Ui6BQncD9kLC0U9gEN9TFSYZbuIWIxXZjI 1
[2018-11-15 17:27:46] trace  /api/api.php?code=29e1OcjpJpM9F6Iq4qs864l8OBcaEOLPmorK%2BJA1edyznIhROpZHJQnPek2x%2BEZ2NPbPY15Yf6f5EHi18Esfe38 1
[2018-11-15 17:27:48] trace  /api/api.php?code=3959VsbVfyhNoywvcGI96R6jy%2F8XUE4fqH%2B%2BzlPXKgEIBewFZvMBmLix6iDqo14OYC2gybNCXcCGo4c0xW3%2FAxw 1
[2018-11-15 17:27:51] trace  /api/api.php?code=7620TensNWGVoTmLLusFKes9d8fyrXN1Prlt%2Br0SeuuDGvGpaFvJrz8ZvBf9pYo90ekdtZPZ8Zzd6zsa7%2FDQ1xc 1
[2018-11-15 17:27:52] trace  /api/api.php?code=8024TYMcgaEQWf1zDifEc459Fuqfm8tOcpO8ZpxZgCHjDH7xX5J1%2BOKlwTRHTyNIGIDuSYXDB2gHieYswmwgsxY 1
[2018-11-15 17:27:53] trace  /api/api.php?code=4fa41sPg5lZFke8J4i%2FwEDytKmviRDpX%2BvYBmKmz%2BPSQ6QFXhujh4S1qqpz2MwUfjcIdIGsJzYAO%2Btu5WV6Wo3c 1
[2018-11-15 17:27:55] trace  /api/api.php?code=dfa0GscrL4eaiiwbQgEHdaJnM%2Bu5BjToOT4n4OtUX2fq0ry504KVTvKTua3%2FtqgBRqus%2BGRDx7aBZLpTsItwxDY 1
[2018-11-15 17:27:57] trace  /api/api.php?code=c4e2E1GyWcAW%2BpnpqK4Nsalt3Ook4KltGwXCOA%2FOc1udE2o2emB5Of5p7ijx8HvW17Y1T44s5lnzRmIYWPVKuW4 1
[2018-11-15 17:30:21] trace  /api/api.php?code=ffd8qSktvq46Svg0fA%2BVH83hrF9qLBvqqB1JjPfOOw8wVnwEGlUHgMrDJrn8ggglC6WsW8DZmwt18SRSLZ5MB0w 1
[2018-11-15 18:01:01] trace  /api/api.php?code=ffd8qSktvq46Svg0fA%2BVH83hrF9qLBvqqB1JjPfOOw8wVnwEGlUHgMrDJrn8ggglC6WsW8DZmwt18SRSLZ5MB0w 1
[2018-11-15 19:01:01] trace  /api/api.php?code=ffd8qSktvq46Svg0fA%2BVH83hrF9qLBvqqB1JjPfOOw8wVnwEGlUHgMrDJrn8ggglC6WsW8DZmwt18SRSLZ5MB0w 1
[2018-11-15 19:13:03] trace  /api/api.php?code=b6e5u69jmMgSPuRCXxEpmjDBoIfFxZJQK0ywu0ENwIBLbzkz9v7%2Bjo6tuPUljv4EYEh%2BHIx%2FKYZzjoGy%2F26Btnc 1
[2018-11-15 20:01:01] trace  /api/api.php?code=ffd8qSktvq46Svg0fA%2BVH83hrF9qLBvqqB1JjPfOOw8wVnwEGlUHgMrDJrn8ggglC6WsW8DZmwt18SRSLZ5MB0w 1
[2018-11-15 21:01:01] trace  /api/api.php?code=ffd8qSktvq46Svg0fA%2BVH83hrF9qLBvqqB1JjPfOOw8wVnwEGlUHgMrDJrn8ggglC6WsW8DZmwt18SRSLZ5MB0w 1
[2018-11-15 22:01:01] trace  /api/api.php?code=ffd8qSktvq46Svg0fA%2BVH83hrF9qLBvqqB1JjPfOOw8wVnwEGlUHgMrDJrn8ggglC6WsW8DZmwt18SRSLZ5MB0w 1
[2018-11-15 23:01:02] trace  /api/api.php?code=ffd8qSktvq46Svg0fA%2BVH83hrF9qLBvqqB1JjPfOOw8wVnwEGlUHgMrDJrn8ggglC6WsW8DZmwt18SRSLZ5MB0w 1
